<?xml version="1.0" encoding="UTF-8"?>
<!-- Generated by org.testng.reporters.JUnitReportReporter -->
<testsuite hostname="ShreeSai" name="gefp.model.dao.StudentDaoTest" tests="3" failures="0" timestamp="5 Feb 2015 04:19:07 GMT" time="0.438" errors="0">
  <testcase name="getUsernames" time="0.046" classname="gefp.model.dao.StudentDaoTest"/>
  <testcase name="oneCheckpoint" time="0.157" classname="gefp.model.dao.StudentDaoTest"/>
  <testcase name="allCheckpoint" time="0.235" classname="gefp.model.dao.StudentDaoTest"/>
</testsuite> <!-- gefp.model.dao.StudentDaoTest -->
