<?xml version="1.0" encoding="UTF-8"?>
<!-- Generated by org.testng.reporters.JUnitReportReporter -->
<testsuite hostname="ShreeSai" name="gefp.model.dao.UserDaoTest" tests="4" failures="0" timestamp="5 Feb 2015 22:59:13 GMT" time="0.390" errors="0">
  <testcase name="oneCheckpoint" time="0.015" classname="gefp.model.dao.UserDaoTest"/>
  <testcase name="isUserJdoe1" time="0.016" classname="gefp.model.dao.UserDaoTest"/>
  <testcase name="isUserJdoe2" time="0.109" classname="gefp.model.dao.UserDaoTest"/>
  <testcase name="allCheckpoint" time="0.250" classname="gefp.model.dao.UserDaoTest"/>
</testsuite> <!-- gefp.model.dao.UserDaoTest -->
